<?xml version="1.0" encoding="UTF-8"?>
<!-- Generated by org.testng.reporters.JUnitXMLReporter -->
<testsuite ignored="1" hostname="KTLPT1516" failures="0" tests="2" name="Submit Order Test" time="100.285" errors="0" timestamp="2026-03-31T13:31:48 IST">
  <testcase classname="PageObjectModel.SubOrderJson" name="submitOrder" time="47.361"/>
  <testcase classname="PageObjectModel.SubOrderJson" name="submitOrder" time="47.439"/>
  <testcase classname="PageObjectModel.SubOrderJson" name="OrderHistory" time="0.0">
    <ignored/>
  </testcase> <!-- OrderHistory -->
</testsuite> <!-- Submit Order Test -->
