<?xml version="1.0" encoding="UTF-8"?>
<!-- Generated by org.testng.reporters.JUnitXMLReporter -->
<testsuite ignored="1" hostname="KTLPT1516" failures="0" tests="1" name="Erro Validation Test" time="3.9" errors="0" timestamp="2026-03-31T13:46:08 IST">
  <testcase classname="PageObjectModel.ErrorValidationsTest" name="submitOrder" time="0.431"/>
  <testcase classname="PageObjectModel.ErrorValidationsTest" name="ProductErrorValidation" time="0.0">
    <ignored/>
  </testcase> <!-- ProductErrorValidation -->
</testsuite> <!-- Erro Validation Test -->
