<?xml version="1.0" encoding="UTF-8"?>
<testng-results ignored="2" total="5" passed="1" failed="2" skipped="0">
  <reporter-output>
  </reporter-output>
  <suite started-at="2026-03-31T04:36:20 IST" name="Suite" finished-at="2026-03-31T04:36:29 IST" duration-ms="9479">
    <groups>
      <group name="ErrorHandeling">
        <method signature="SubmitOrderTest.submitOrder(java.lang.String,java.lang.String,java.lang.String)[pri:0, instance:PageObjectModel.SubmitOrderTest@38c6f217]" name="submitOrder" class="PageObjectModel.SubmitOrderTest"/>
        <method signature="ErrorValidationsTest.submitOrder()[pri:0, instance:PageObjectModel.ErrorValidationsTest@2d3379b4]" name="submitOrder" class="PageObjectModel.ErrorValidationsTest"/>
      </group> <!-- ErrorHandeling -->
    </groups>
    <test started-at="2026-03-31T04:36:20 IST" name="Erro Validation Test" finished-at="2026-03-31T04:36:26 IST" duration-ms="6028">
      <class name="PageObjectModel.ErrorValidationsTest">
        <test-method is-config="true" signature="launchApplication()[pri:0, instance:PageObjectModel.ErrorValidationsTest@2d3379b4]" started-at="2026-03-31T04:36:20 IST" name="launchApplication" finished-at="2026-03-31T04:36:24 IST" duration-ms="4756" status="PASS">
          <reporter-output>
          </reporter-output>
        </test-method> <!-- launchApplication -->
        <test-method signature="submitOrder()[pri:0, instance:PageObjectModel.ErrorValidationsTest@2d3379b4]" started-at="2026-03-31T04:36:24 IST" name="submitOrder" finished-at="2026-03-31T04:36:25 IST" duration-ms="730" status="PASS">
          <reporter-output>
          </reporter-output>
        </test-method> <!-- submitOrder -->
        <test-method is-config="true" signature="tearDown()[pri:0, instance:PageObjectModel.ErrorValidationsTest@2d3379b4]" started-at="2026-03-31T04:36:25 IST" name="tearDown" finished-at="2026-03-31T04:36:26 IST" duration-ms="478" status="PASS">
          <reporter-output>
          </reporter-output>
        </test-method> <!-- tearDown -->
      </class> <!-- PageObjectModel.ErrorValidationsTest -->
    </test> <!-- Erro Validation Test -->
    <test started-at="2026-03-31T04:36:20 IST" name="Submit Order Test" finished-at="2026-03-31T04:36:29 IST" duration-ms="9479">
      <class name="PageObjectModel.SubmitOrderTest">
        <test-method is-config="true" signature="launchApplication()[pri:0, instance:PageObjectModel.SubmitOrderTest@38c6f217]" started-at="2026-03-31T04:36:20 IST" name="launchApplication" finished-at="2026-03-31T04:36:22 IST" duration-ms="2734" status="PASS">
          <reporter-output>
          </reporter-output>
        </test-method> <!-- launchApplication -->
        <test-method signature="submitOrder(java.lang.String,java.lang.String,java.lang.String)[pri:0, instance:PageObjectModel.SubmitOrderTest@38c6f217]" started-at="2026-03-31T04:36:22 IST" name="submitOrder" data-provider="getData" finished-at="2026-03-31T04:36:24 IST" duration-ms="1962" status="FAIL">
          <params>
            <param index="0">
              <value>
                <![CDATA[Already@gmail.com]]>
              </value>
            </param>
            <param index="1">
              <value>
                <![CDATA[Already@123]]>
              </value>
            </param>
            <param index="2">
              <value>
                <![CDATA[IPHONE 13 PRO]]>
              </value>
            </param>
          </params>
          <exception class="org.openqa.selenium.ElementClickInterceptedException">
            <message>
              <![CDATA[element click intercepted: Element is not clickable at point (1151, 606)
  (Session info: MicrosoftEdge=146.0.3856.84)
Build info: version: '4.39.0', revision: '126f156aee'
System info: os.name: 'Windows 11', os.arch: 'amd64', os.version: '10.0', java.version: '17.0.12'
Driver info: org.openqa.selenium.edge.EdgeDriver
Command: [a49465f415a86e8033f27b95f6b0233d, clickElement {id=f.5F27DDC99B06391524FD400042541C6B.d.A9CC789C089FC042EBDCDAEB1BDF6E37.e.64}]
Capabilities {acceptInsecureCerts: false, browserName: MicrosoftEdge, browserVersion: 146.0.3856.84, fedcm:accounts: true, goog:processID: 12496, ms:edgeOptions: {debuggerAddress: localhost:49201}, msedge: {msedgedriverVersion: 146.0.3856.84 (fe100ed2d0fb..., userDataDir: C:\Users\Admin\AppData\Loca...}, networkConnectionEnabled: false, pageLoadStrategy: normal, platformName: windows, proxy: Proxy(), se:cdp: ws://localhost:49201/devtoo..., se:cdpVersion: 146.0.3856.84, setWindowRect: true, strictFileInteractability: false, timeouts: {implicit: 0, pageLoad: 300000, script: 30000}, unhandledPromptBehavior: dismiss and notify, webauthn:extension:credBlob: true, webauthn:extension:largeBlob: true, webauthn:extension:minPinLength: true, webauthn:extension:prf: true, webauthn:virtualAuthenticators: true}
Element: [[[[EdgeDriver: MicrosoftEdge on windows (a49465f415a86e8033f27b95f6b0233d)] -> css selector: .mb-3]] -> css selector: .btn.w-10.rounded]
Session ID: a49465f415a86e8033f27b95f6b0233d]]>
            </message>
            <full-stacktrace>
              <![CDATA[org.openqa.selenium.ElementClickInterceptedException: element click intercepted: Element is not clickable at point (1151, 606)
  (Session info: MicrosoftEdge=146.0.3856.84)
Build info: version: '4.39.0', revision: '126f156aee'
System info: os.name: 'Windows 11', os.arch: 'amd64', os.version: '10.0', java.version: '17.0.12'
Driver info: org.openqa.selenium.edge.EdgeDriver
Command: [a49465f415a86e8033f27b95f6b0233d, clickElement {id=f.5F27DDC99B06391524FD400042541C6B.d.A9CC789C089FC042EBDCDAEB1BDF6E37.e.64}]
Capabilities {acceptInsecureCerts: false, browserName: MicrosoftEdge, browserVersion: 146.0.3856.84, fedcm:accounts: true, goog:processID: 12496, ms:edgeOptions: {debuggerAddress: localhost:49201}, msedge: {msedgedriverVersion: 146.0.3856.84 (fe100ed2d0fb..., userDataDir: C:\Users\Admin\AppData\Loca...}, networkConnectionEnabled: false, pageLoadStrategy: normal, platformName: windows, proxy: Proxy(), se:cdp: ws://localhost:49201/devtoo..., se:cdpVersion: 146.0.3856.84, setWindowRect: true, strictFileInteractability: false, timeouts: {implicit: 0, pageLoad: 300000, script: 30000}, unhandledPromptBehavior: dismiss and notify, webauthn:extension:credBlob: true, webauthn:extension:largeBlob: true, webauthn:extension:minPinLength: true, webauthn:extension:prf: true, webauthn:virtualAuthenticators: true}
Element: [[[[EdgeDriver: MicrosoftEdge on windows (a49465f415a86e8033f27b95f6b0233d)] -> css selector: .mb-3]] -> css selector: .btn.w-10.rounded]
Session ID: a49465f415a86e8033f27b95f6b0233d
at java.base/jdk.internal.reflect.NativeConstructorAccessorImpl.newInstance0(Native Method)
at java.base/jdk.internal.reflect.NativeConstructorAccessorImpl.newInstance(NativeConstructorAccessorImpl.java:77)
at java.base/jdk.internal.reflect.DelegatingConstructorAccessorImpl.newInstance(DelegatingConstructorAccessorImpl.java:45)
at java.base/java.lang.reflect.Constructor.newInstanceWithCaller(Constructor.java:499)
at java.base/java.lang.reflect.Constructor.newInstance(Constructor.java:480)
at org.openqa.selenium.remote.ErrorCodec.decode(ErrorCodec.java:167)
at org.openqa.selenium.remote.codec.w3c.W3CHttpResponseCodec.decode(W3CHttpResponseCodec.java:142)
at org.openqa.selenium.remote.codec.w3c.W3CHttpResponseCodec.decode(W3CHttpResponseCodec.java:49)
at org.openqa.selenium.remote.HttpCommandExecutor.execute(HttpCommandExecutor.java:215)
at org.openqa.selenium.remote.service.DriverCommandExecutor.invokeExecute(DriverCommandExecutor.java:216)
at org.openqa.selenium.remote.service.DriverCommandExecutor.execute(DriverCommandExecutor.java:174)
at org.openqa.selenium.remote.RemoteWebDriver.execute(RemoteWebDriver.java:561)
at org.openqa.selenium.remote.RemoteWebElement.execute(RemoteWebElement.java:223)
at org.openqa.selenium.remote.RemoteWebElement.click(RemoteWebElement.java:76)
at PageObjectModel.ProductCatalog.addProductToCart(ProductCatalog.java:47)
at PageObjectModel.SubmitOrderTest.submitOrder(SubmitOrderTest.java:42)
at java.base/jdk.internal.reflect.NativeMethodAccessorImpl.invoke0(Native Method)
at java.base/jdk.internal.reflect.NativeMethodAccessorImpl.invoke(NativeMethodAccessorImpl.java:77)
at java.base/jdk.internal.reflect.DelegatingMethodAccessorImpl.invoke(DelegatingMethodAccessorImpl.java:43)
at java.base/java.lang.reflect.Method.invoke(Method.java:568)
at org.testng.internal.invokers.MethodInvocationHelper.invokeMethod(MethodInvocationHelper.java:141)
at org.testng.internal.invokers.TestInvoker.invokeMethod(TestInvoker.java:687)
at org.testng.internal.invokers.TestInvoker.invokeTestMethod(TestInvoker.java:230)
at org.testng.internal.invokers.MethodRunner.runInSequence(MethodRunner.java:63)
at org.testng.internal.invokers.TestInvoker$MethodInvocationAgent.invoke(TestInvoker.java:995)
at org.testng.internal.invokers.TestInvoker.invokeTestMethods(TestInvoker.java:203)
at org.testng.internal.invokers.TestMethodWorker.invokeTestMethods(TestMethodWorker.java:154)
at org.testng.internal.invokers.TestMethodWorker.run(TestMethodWorker.java:134)
at java.base/java.util.ArrayList.forEach(ArrayList.java:1511)
at org.testng.TestRunner.privateRun(TestRunner.java:741)
at org.testng.TestRunner.run(TestRunner.java:616)
at org.testng.SuiteRunner.runTest(SuiteRunner.java:421)
at org.testng.SuiteRunner$SuiteWorker.run(SuiteRunner.java:463)
at org.testng.internal.thread.ThreadUtil.lambda$execute$0(ThreadUtil.java:64)
at java.base/java.util.concurrent.FutureTask.run(FutureTask.java:264)
at java.base/java.util.concurrent.ThreadPoolExecutor.runWorker(ThreadPoolExecutor.java:1136)
at java.base/java.util.concurrent.ThreadPoolExecutor$Worker.run(ThreadPoolExecutor.java:635)
at java.base/java.lang.Thread.run(Thread.java:842)
]]>
            </full-stacktrace>
          </exception> <!-- org.openqa.selenium.ElementClickInterceptedException -->
          <reporter-output>
          </reporter-output>
        </test-method> <!-- submitOrder -->
        <test-method is-config="true" signature="tearDown()[pri:0, instance:PageObjectModel.SubmitOrderTest@38c6f217]" started-at="2026-03-31T04:36:24 IST" name="tearDown" finished-at="2026-03-31T04:36:25 IST" duration-ms="134" status="PASS">
          <reporter-output>
          </reporter-output>
        </test-method> <!-- tearDown -->
        <test-method is-config="true" signature="launchApplication()[pri:0, instance:PageObjectModel.SubmitOrderTest@38c6f217]" started-at="2026-03-31T04:36:25 IST" name="launchApplication" finished-at="2026-03-31T04:36:27 IST" duration-ms="2661" status="PASS">
          <reporter-output>
          </reporter-output>
        </test-method> <!-- launchApplication -->
        <test-method signature="submitOrder(java.lang.String,java.lang.String,java.lang.String)[pri:0, instance:PageObjectModel.SubmitOrderTest@38c6f217]" started-at="2026-03-31T04:36:27 IST" name="submitOrder" data-provider="getData" finished-at="2026-03-31T04:36:29 IST" duration-ms="1822" status="FAIL">
          <params>
            <param index="0">
              <value>
                <![CDATA[Rahuli@gmail.com]]>
              </value>
            </param>
            <param index="1">
              <value>
                <![CDATA[Rahul@1234]]>
              </value>
            </param>
            <param index="2">
              <value>
                <![CDATA[ZARA COAT 3]]>
              </value>
            </param>
          </params>
          <exception class="org.openqa.selenium.ElementClickInterceptedException">
            <message>
              <![CDATA[element click intercepted: Element is not clickable at point (846, 606)
  (Session info: MicrosoftEdge=146.0.3856.84)
Build info: version: '4.39.0', revision: '126f156aee'
System info: os.name: 'Windows 11', os.arch: 'amd64', os.version: '10.0', java.version: '17.0.12'
Driver info: org.openqa.selenium.edge.EdgeDriver
Command: [60a3e4b71f05958059208e3152312b23, clickElement {id=f.8CE2DF6F65BBD9D3343676C993BD6C27.d.E9254ABA7AA54BC3C488CA7AFA826EAD.e.64}]
Capabilities {acceptInsecureCerts: false, browserName: MicrosoftEdge, browserVersion: 146.0.3856.84, fedcm:accounts: true, goog:processID: 19196, ms:edgeOptions: {debuggerAddress: localhost:62751}, msedge: {msedgedriverVersion: 146.0.3856.84 (fe100ed2d0fb..., userDataDir: C:\Users\Admin\AppData\Loca...}, networkConnectionEnabled: false, pageLoadStrategy: normal, platformName: windows, proxy: Proxy(), se:cdp: ws://localhost:62751/devtoo..., se:cdpVersion: 146.0.3856.84, setWindowRect: true, strictFileInteractability: false, timeouts: {implicit: 0, pageLoad: 300000, script: 30000}, unhandledPromptBehavior: dismiss and notify, webauthn:extension:credBlob: true, webauthn:extension:largeBlob: true, webauthn:extension:minPinLength: true, webauthn:extension:prf: true, webauthn:virtualAuthenticators: true}
Element: [[[[EdgeDriver: MicrosoftEdge on windows (60a3e4b71f05958059208e3152312b23)] -> css selector: .mb-3]] -> css selector: .btn.w-10.rounded]
Session ID: 60a3e4b71f05958059208e3152312b23]]>
            </message>
            <full-stacktrace>
              <![CDATA[org.openqa.selenium.ElementClickInterceptedException: element click intercepted: Element is not clickable at point (846, 606)
  (Session info: MicrosoftEdge=146.0.3856.84)
Build info: version: '4.39.0', revision: '126f156aee'
System info: os.name: 'Windows 11', os.arch: 'amd64', os.version: '10.0', java.version: '17.0.12'
Driver info: org.openqa.selenium.edge.EdgeDriver
Command: [60a3e4b71f05958059208e3152312b23, clickElement {id=f.8CE2DF6F65BBD9D3343676C993BD6C27.d.E9254ABA7AA54BC3C488CA7AFA826EAD.e.64}]
Capabilities {acceptInsecureCerts: false, browserName: MicrosoftEdge, browserVersion: 146.0.3856.84, fedcm:accounts: true, goog:processID: 19196, ms:edgeOptions: {debuggerAddress: localhost:62751}, msedge: {msedgedriverVersion: 146.0.3856.84 (fe100ed2d0fb..., userDataDir: C:\Users\Admin\AppData\Loca...}, networkConnectionEnabled: false, pageLoadStrategy: normal, platformName: windows, proxy: Proxy(), se:cdp: ws://localhost:62751/devtoo..., se:cdpVersion: 146.0.3856.84, setWindowRect: true, strictFileInteractability: false, timeouts: {implicit: 0, pageLoad: 300000, script: 30000}, unhandledPromptBehavior: dismiss and notify, webauthn:extension:credBlob: true, webauthn:extension:largeBlob: true, webauthn:extension:minPinLength: true, webauthn:extension:prf: true, webauthn:virtualAuthenticators: true}
Element: [[[[EdgeDriver: MicrosoftEdge on windows (60a3e4b71f05958059208e3152312b23)] -> css selector: .mb-3]] -> css selector: .btn.w-10.rounded]
Session ID: 60a3e4b71f05958059208e3152312b23
at java.base/jdk.internal.reflect.NativeConstructorAccessorImpl.newInstance0(Native Method)
at java.base/jdk.internal.reflect.NativeConstructorAccessorImpl.newInstance(NativeConstructorAccessorImpl.java:77)
at java.base/jdk.internal.reflect.DelegatingConstructorAccessorImpl.newInstance(DelegatingConstructorAccessorImpl.java:45)
at java.base/java.lang.reflect.Constructor.newInstanceWithCaller(Constructor.java:499)
at java.base/java.lang.reflect.Constructor.newInstance(Constructor.java:480)
at org.openqa.selenium.remote.ErrorCodec.decode(ErrorCodec.java:167)
at org.openqa.selenium.remote.codec.w3c.W3CHttpResponseCodec.decode(W3CHttpResponseCodec.java:142)
at org.openqa.selenium.remote.codec.w3c.W3CHttpResponseCodec.decode(W3CHttpResponseCodec.java:49)
at org.openqa.selenium.remote.HttpCommandExecutor.execute(HttpCommandExecutor.java:215)
at org.openqa.selenium.remote.service.DriverCommandExecutor.invokeExecute(DriverCommandExecutor.java:216)
at org.openqa.selenium.remote.service.DriverCommandExecutor.execute(DriverCommandExecutor.java:174)
at org.openqa.selenium.remote.RemoteWebDriver.execute(RemoteWebDriver.java:561)
at org.openqa.selenium.remote.RemoteWebElement.execute(RemoteWebElement.java:223)
at org.openqa.selenium.remote.RemoteWebElement.click(RemoteWebElement.java:76)
at PageObjectModel.ProductCatalog.addProductToCart(ProductCatalog.java:47)
at PageObjectModel.SubmitOrderTest.submitOrder(SubmitOrderTest.java:42)
at java.base/jdk.internal.reflect.NativeMethodAccessorImpl.invoke0(Native Method)
at java.base/jdk.internal.reflect.NativeMethodAccessorImpl.invoke(NativeMethodAccessorImpl.java:77)
at java.base/jdk.internal.reflect.DelegatingMethodAccessorImpl.invoke(DelegatingMethodAccessorImpl.java:43)
at java.base/java.lang.reflect.Method.invoke(Method.java:568)
at org.testng.internal.invokers.MethodInvocationHelper.invokeMethod(MethodInvocationHelper.java:141)
at org.testng.internal.invokers.TestInvoker.invokeMethod(TestInvoker.java:687)
at org.testng.internal.invokers.TestInvoker.invokeTestMethod(TestInvoker.java:230)
at org.testng.internal.invokers.MethodRunner.runInSequence(MethodRunner.java:63)
at org.testng.internal.invokers.TestInvoker$MethodInvocationAgent.invoke(TestInvoker.java:995)
at org.testng.internal.invokers.TestInvoker.invokeTestMethods(TestInvoker.java:203)
at org.testng.internal.invokers.TestMethodWorker.invokeTestMethods(TestMethodWorker.java:154)
at org.testng.internal.invokers.TestMethodWorker.run(TestMethodWorker.java:134)
at java.base/java.util.ArrayList.forEach(ArrayList.java:1511)
at org.testng.TestRunner.privateRun(TestRunner.java:741)
at org.testng.TestRunner.run(TestRunner.java:616)
at org.testng.SuiteRunner.runTest(SuiteRunner.java:421)
at org.testng.SuiteRunner$SuiteWorker.run(SuiteRunner.java:463)
at org.testng.internal.thread.ThreadUtil.lambda$execute$0(ThreadUtil.java:64)
at java.base/java.util.concurrent.FutureTask.run(FutureTask.java:264)
at java.base/java.util.concurrent.ThreadPoolExecutor.runWorker(ThreadPoolExecutor.java:1136)
at java.base/java.util.concurrent.ThreadPoolExecutor$Worker.run(ThreadPoolExecutor.java:635)
at java.base/java.lang.Thread.run(Thread.java:842)
]]>
            </full-stacktrace>
          </exception> <!-- org.openqa.selenium.ElementClickInterceptedException -->
          <reporter-output>
          </reporter-output>
        </test-method> <!-- submitOrder -->
        <test-method is-config="true" signature="tearDown()[pri:0, instance:PageObjectModel.SubmitOrderTest@38c6f217]" started-at="2026-03-31T04:36:29 IST" name="tearDown" finished-at="2026-03-31T04:36:29 IST" duration-ms="105" status="PASS">
          <reporter-output>
          </reporter-output>
        </test-method> <!-- tearDown -->
      </class> <!-- PageObjectModel.SubmitOrderTest -->
    </test> <!-- Submit Order Test -->
  </suite> <!-- Suite -->
</testng-results>
