<?xml version="1.0" encoding="UTF-8"?>
<testng-results ignored="6" total="9" passed="3" failed="0" skipped="0">
  <reporter-output>
  </reporter-output>
  <suite started-at="2026-03-31T13:46:04 IST" name="Suite" finished-at="2026-03-31T13:46:08 IST" duration-ms="3900">
    <groups>
      <group name="ErrorHandeling">
        <method signature="ErrorValidationsTest.submitOrder()[pri:0, instance:PageObjectModel.ErrorValidationsTest@2d3379b4]" name="submitOrder" class="PageObjectModel.ErrorValidationsTest"/>
      </group> <!-- ErrorHandeling -->
    </groups>
    <test started-at="2026-03-31T13:46:04 IST" name="Submit Order Test" finished-at="2026-03-31T13:46:04 IST" duration-ms="14">
    </test> <!-- Submit Order Test -->
    <test started-at="2026-03-31T13:46:04 IST" name="Erro Validation Test" finished-at="2026-03-31T13:46:08 IST" duration-ms="3900">
      <class name="PageObjectModel.ErrorValidationsTest">
        <test-method is-config="true" signature="launchApplication()[pri:0, instance:PageObjectModel.ErrorValidationsTest@2d3379b4]" started-at="2026-03-31T13:46:04 IST" name="launchApplication" finished-at="2026-03-31T13:46:07 IST" duration-ms="3242" status="PASS">
          <reporter-output>
          </reporter-output>
        </test-method> <!-- launchApplication -->
        <test-method signature="submitOrder()[pri:0, instance:PageObjectModel.ErrorValidationsTest@2d3379b4]" started-at="2026-03-31T13:46:07 IST" name="submitOrder" finished-at="2026-03-31T13:46:08 IST" duration-ms="431" status="PASS">
          <reporter-output>
          </reporter-output>
        </test-method> <!-- submitOrder -->
        <test-method is-config="true" signature="tearDown()[pri:0, instance:PageObjectModel.ErrorValidationsTest@2d3379b4]" started-at="2026-03-31T13:46:08 IST" name="tearDown" finished-at="2026-03-31T13:46:08 IST" duration-ms="150" status="PASS">
          <reporter-output>
          </reporter-output>
        </test-method> <!-- tearDown -->
      </class> <!-- PageObjectModel.ErrorValidationsTest -->
    </test> <!-- Erro Validation Test -->
  </suite> <!-- Suite -->
  <suite started-at="2026-03-31T13:46:08 IST" name="Suite (0)" finished-at="2026-03-31T13:47:48 IST" duration-ms="99935">
    <groups>
      <group name="Purchase">
        <method signature="SubOrderJson.submitOrder(java.util.HashMap)[pri:0, instance:PageObjectModel.SubOrderJson@2b71e916]" name="submitOrder" class="PageObjectModel.SubOrderJson"/>
      </group> <!-- Purchase -->
    </groups>
    <test started-at="2026-03-31T13:46:08 IST" name="Submit Order Test" finished-at="2026-03-31T13:47:48 IST" duration-ms="99930">
      <class name="PageObjectModel.SubOrderJson">
        <test-method is-config="true" signature="launchApplication()[pri:0, instance:PageObjectModel.SubOrderJson@2b71e916]" started-at="2026-03-31T13:46:08 IST" name="launchApplication" finished-at="2026-03-31T13:46:10 IST" duration-ms="2022" status="PASS">
          <reporter-output>
          </reporter-output>
        </test-method> <!-- launchApplication -->
        <test-method signature="submitOrder(java.util.HashMap)[pri:0, instance:PageObjectModel.SubOrderJson@2b71e916]" started-at="2026-03-31T13:46:10 IST" name="submitOrder" data-provider="getData" finished-at="2026-03-31T13:46:57 IST" duration-ms="47191" status="PASS">
          <params>
            <param index="0">
              <value>
                <![CDATA[{password=Rahul@1234, product=ZARA COAT 3, email=Rahuli@gmail.com}]]>
              </value>
            </param>
          </params>
          <reporter-output>
          </reporter-output>
        </test-method> <!-- submitOrder -->
        <test-method is-config="true" signature="tearDown()[pri:0, instance:PageObjectModel.SubOrderJson@2b71e916]" started-at="2026-03-31T13:46:57 IST" name="tearDown" finished-at="2026-03-31T13:46:57 IST" duration-ms="126" status="PASS">
          <reporter-output>
          </reporter-output>
        </test-method> <!-- tearDown -->
        <test-method is-config="true" signature="launchApplication()[pri:0, instance:PageObjectModel.SubOrderJson@2b71e916]" started-at="2026-03-31T13:46:57 IST" name="launchApplication" finished-at="2026-03-31T13:46:58 IST" duration-ms="1082" status="PASS">
          <reporter-output>
          </reporter-output>
        </test-method> <!-- launchApplication -->
        <test-method signature="submitOrder(java.util.HashMap)[pri:0, instance:PageObjectModel.SubOrderJson@2b71e916]" started-at="2026-03-31T13:46:58 IST" name="submitOrder" data-provider="getData" finished-at="2026-03-31T13:47:48 IST" duration-ms="49176" status="PASS">
          <params>
            <param index="0">
              <value>
                <![CDATA[{password=Rahul@1234, product=ZARA COAT 3, email=Rahuli@gmail.com}]]>
              </value>
            </param>
          </params>
          <reporter-output>
          </reporter-output>
        </test-method> <!-- submitOrder -->
        <test-method is-config="true" signature="tearDown()[pri:0, instance:PageObjectModel.SubOrderJson@2b71e916]" started-at="2026-03-31T13:47:48 IST" name="tearDown" finished-at="2026-03-31T13:47:48 IST" duration-ms="106" status="PASS">
          <reporter-output>
          </reporter-output>
        </test-method> <!-- tearDown -->
      </class> <!-- PageObjectModel.SubOrderJson -->
    </test> <!-- Submit Order Test -->
    <test started-at="2026-03-31T13:47:48 IST" name="Erro Validation Test" finished-at="2026-03-31T13:47:48 IST" duration-ms="0">
    </test> <!-- Erro Validation Test -->
  </suite> <!-- Suite (0) -->
</testng-results>
