<?xml version="1.0" encoding="UTF-8"?>
<testng-results ignored="3" total="5" passed="2" failed="0" skipped="0">
  <reporter-output>
  </reporter-output>
  <suite started-at="2026-03-31T13:30:07 IST" name="Suite" finished-at="2026-03-31T13:31:48 IST" duration-ms="100315">
    <groups>
      <group name="Purchase">
        <method signature="SubOrderJson.submitOrder(java.util.HashMap)[pri:0, instance:PageObjectModel.SubOrderJson@279fedbd]" name="submitOrder" class="PageObjectModel.SubOrderJson"/>
      </group> <!-- Purchase -->
    </groups>
    <test started-at="2026-03-31T13:30:07 IST" name="Submit Order Test" finished-at="2026-03-31T13:31:48 IST" duration-ms="100285">
      <class name="PageObjectModel.SubOrderJson">
        <test-method is-config="true" signature="launchApplication()[pri:0, instance:PageObjectModel.SubOrderJson@279fedbd]" started-at="2026-03-31T13:30:08 IST" name="launchApplication" finished-at="2026-03-31T13:30:11 IST" duration-ms="3477" status="PASS">
          <reporter-output>
          </reporter-output>
        </test-method> <!-- launchApplication -->
        <test-method signature="submitOrder(java.util.HashMap)[pri:0, instance:PageObjectModel.SubOrderJson@279fedbd]" started-at="2026-03-31T13:30:11 IST" name="submitOrder" data-provider="getData" finished-at="2026-03-31T13:30:58 IST" duration-ms="47361" status="PASS">
          <params>
            <param index="0">
              <value>
                <![CDATA[{password=Rahul@1234, product=ZARA COAT 3, email=Rahuli@gmail.com}]]>
              </value>
            </param>
          </params>
          <reporter-output>
          </reporter-output>
        </test-method> <!-- submitOrder -->
        <test-method is-config="true" signature="tearDown()[pri:0, instance:PageObjectModel.SubOrderJson@279fedbd]" started-at="2026-03-31T13:30:58 IST" name="tearDown" finished-at="2026-03-31T13:30:59 IST" duration-ms="189" status="PASS">
          <reporter-output>
          </reporter-output>
        </test-method> <!-- tearDown -->
        <test-method is-config="true" signature="launchApplication()[pri:0, instance:PageObjectModel.SubOrderJson@279fedbd]" started-at="2026-03-31T13:30:59 IST" name="launchApplication" finished-at="2026-03-31T13:31:00 IST" duration-ms="1351" status="PASS">
          <reporter-output>
          </reporter-output>
        </test-method> <!-- launchApplication -->
        <test-method signature="submitOrder(java.util.HashMap)[pri:0, instance:PageObjectModel.SubOrderJson@279fedbd]" started-at="2026-03-31T13:31:00 IST" name="submitOrder" data-provider="getData" finished-at="2026-03-31T13:31:47 IST" duration-ms="47439" status="PASS">
          <params>
            <param index="0">
              <value>
                <![CDATA[{password=Rahul@1234, product=ZARA COAT 3, email=Rahuli@gmail.com}]]>
              </value>
            </param>
          </params>
          <reporter-output>
          </reporter-output>
        </test-method> <!-- submitOrder -->
        <test-method is-config="true" signature="tearDown()[pri:0, instance:PageObjectModel.SubOrderJson@279fedbd]" started-at="2026-03-31T13:31:47 IST" name="tearDown" finished-at="2026-03-31T13:31:48 IST" duration-ms="118" status="PASS">
          <reporter-output>
          </reporter-output>
        </test-method> <!-- tearDown -->
      </class> <!-- PageObjectModel.SubOrderJson -->
    </test> <!-- Submit Order Test -->
    <test started-at="2026-03-31T13:31:48 IST" name="Erro Validation Test" finished-at="2026-03-31T13:31:48 IST" duration-ms="1">
    </test> <!-- Erro Validation Test -->
  </suite> <!-- Suite -->
</testng-results>
