<?xml version="1.0" encoding="UTF-8"?>
<!-- Generated by org.testng.reporters.JUnitReportReporter -->
<testsuite hostname="KTLPT1516" failures="0" tests="2" name="PageObjectModel.SubOrderHashMap" time="32.260" errors="0" timestamp="2025-12-16T17:25:32 IST" skipped="0">
  <testcase classname="PageObjectModel.SubOrderHashMap" name="submitOrder" time="15.979"/>
  <testcase classname="PageObjectModel.SubOrderHashMap" name="submitOrder" time="16.281"/>
</testsuite> <!-- PageObjectModel.SubOrderHashMap -->
