<?xml version="1.0" encoding="UTF-8"?>
<!-- Generated by org.testng.reporters.JUnitReportReporter -->
<testsuite hostname="KTLPT1516" failures="0" tests="4" name="PageObjectModel.SubmitOrderTest" time="40.261" errors="0" timestamp="2025-12-22T00:52:36 IST" skipped="0">
  <testcase classname="PageObjectModel.SubmitOrderTest" name="OrderHistory" time="5.162"/>
  <testcase classname="PageObjectModel.SubmitOrderTest" name="submitOrder" time="15.127"/>
  <testcase classname="PageObjectModel.SubmitOrderTest" name="OrderHistory" time="3.593"/>
  <testcase classname="PageObjectModel.SubmitOrderTest" name="submitOrder" time="16.379"/>
</testsuite> <!-- PageObjectModel.SubmitOrderTest -->
