<?xml version="1.0" encoding="UTF-8"?>
<!-- Generated by org.testng.reporters.JUnitReportReporter -->
<testsuite hostname="KTLPT1516" failures="0" tests="4" name="PageObjectModel.SubOrderJson" time="47.793" errors="0" timestamp="2025-12-31T05:21:28 IST" skipped="0">
  <testcase classname="PageObjectModel.SubOrderJson" name="submitOrder" time="18.501"/>
  <testcase classname="PageObjectModel.SubOrderJson" name="OrderHistory" time="5.956"/>
  <testcase classname="PageObjectModel.SubOrderJson" name="submitOrder" time="18.071"/>
  <testcase classname="PageObjectModel.SubOrderJson" name="OrderHistory" time="5.265"/>
</testsuite> <!-- PageObjectModel.SubOrderJson -->
